  TileMap.cpp
D:\AluCiclesGS2\Programació\TileMap\TileMap\TileMaps.h(32,60): warning C4244: 'argumento': conversión de 'unsigned int' a 'T'; posible pérdida de datos
          with
          [
              T=float
          ]
D:\AluCiclesGS2\Programació\TileMap\TileMap\TileMaps.h(32,44): warning C4244: 'argumento': conversión de 'unsigned int' a 'T'; posible pérdida de datos
          with
          [
              T=float
          ]
D:\AluCiclesGS2\Programació\TileMap\TileMap\TileMaps.h(33,66): warning C4244: 'argumento': conversión de 'unsigned int' a 'T'; posible pérdida de datos
          with
          [
              T=float
          ]
D:\AluCiclesGS2\Programació\TileMap\TileMap\TileMaps.h(33,50): warning C4244: 'argumento': conversión de 'unsigned int' a 'T'; posible pérdida de datos
          with
          [
              T=float
          ]
D:\AluCiclesGS2\Programació\TileMap\TileMap\TileMaps.h(34,66): warning C4244: 'argumento': conversión de 'unsigned int' a 'T'; posible pérdida de datos
          with
          [
              T=float
          ]
D:\AluCiclesGS2\Programació\TileMap\TileMap\TileMaps.h(34,44): warning C4244: 'argumento': conversión de 'unsigned int' a 'T'; posible pérdida de datos
          with
          [
              T=float
          ]
D:\AluCiclesGS2\Programació\TileMap\TileMap\TileMaps.h(35,66): warning C4244: 'argumento': conversión de 'unsigned int' a 'T'; posible pérdida de datos
          with
          [
              T=float
          ]
D:\AluCiclesGS2\Programació\TileMap\TileMap\TileMaps.h(35,44): warning C4244: 'argumento': conversión de 'unsigned int' a 'T'; posible pérdida de datos
          with
          [
              T=float
          ]
D:\AluCiclesGS2\Programació\TileMap\TileMap\TileMaps.h(36,66): warning C4244: 'argumento': conversión de 'unsigned int' a 'T'; posible pérdida de datos
          with
          [
              T=float
          ]
D:\AluCiclesGS2\Programació\TileMap\TileMap\TileMaps.h(36,50): warning C4244: 'argumento': conversión de 'unsigned int' a 'T'; posible pérdida de datos
          with
          [
              T=float
          ]
D:\AluCiclesGS2\Programació\TileMap\TileMap\TileMaps.h(37,72): warning C4244: 'argumento': conversión de 'unsigned int' a 'T'; posible pérdida de datos
          with
          [
              T=float
          ]
D:\AluCiclesGS2\Programació\TileMap\TileMap\TileMaps.h(37,50): warning C4244: 'argumento': conversión de 'unsigned int' a 'T'; posible pérdida de datos
          with
          [
              T=float
          ]
D:\AluCiclesGS2\Programació\TileMap\TileMap\TileMaps.h(39,63): warning C4244: 'argumento': conversión de 'T' a 'T'; posible pérdida de datos
          with
          [
              T=unsigned int
          ]
          and
          [
              T=float
          ]
D:\AluCiclesGS2\Programació\TileMap\TileMap\TileMaps.h(39,46): warning C4244: 'argumento': conversión de 'T' a 'T'; posible pérdida de datos
          with
          [
              T=unsigned int
          ]
          and
          [
              T=float
          ]
D:\AluCiclesGS2\Programació\TileMap\TileMap\TileMaps.h(40,69): warning C4244: 'argumento': conversión de 'T' a 'T'; posible pérdida de datos
          with
          [
              T=unsigned int
          ]
          and
          [
              T=float
          ]
D:\AluCiclesGS2\Programació\TileMap\TileMap\TileMaps.h(40,52): warning C4244: 'argumento': conversión de 'T' a 'T'; posible pérdida de datos
          with
          [
              T=unsigned int
          ]
          and
          [
              T=float
          ]
D:\AluCiclesGS2\Programació\TileMap\TileMap\TileMaps.h(41,69): warning C4244: 'argumento': conversión de 'T' a 'T'; posible pérdida de datos
          with
          [
              T=unsigned int
          ]
          and
          [
              T=float
          ]
D:\AluCiclesGS2\Programació\TileMap\TileMap\TileMaps.h(41,46): warning C4244: 'argumento': conversión de 'T' a 'T'; posible pérdida de datos
          with
          [
              T=unsigned int
          ]
          and
          [
              T=float
          ]
D:\AluCiclesGS2\Programació\TileMap\TileMap\TileMaps.h(42,69): warning C4244: 'argumento': conversión de 'T' a 'T'; posible pérdida de datos
          with
          [
              T=unsigned int
          ]
          and
          [
              T=float
          ]
D:\AluCiclesGS2\Programació\TileMap\TileMap\TileMaps.h(42,46): warning C4244: 'argumento': conversión de 'T' a 'T'; posible pérdida de datos
          with
          [
              T=unsigned int
          ]
          and
          [
              T=float
          ]
D:\AluCiclesGS2\Programació\TileMap\TileMap\TileMaps.h(43,69): warning C4244: 'argumento': conversión de 'T' a 'T'; posible pérdida de datos
          with
          [
              T=unsigned int
          ]
          and
          [
              T=float
          ]
D:\AluCiclesGS2\Programació\TileMap\TileMap\TileMaps.h(43,52): warning C4244: 'argumento': conversión de 'T' a 'T'; posible pérdida de datos
          with
          [
              T=unsigned int
          ]
          and
          [
              T=float
          ]
D:\AluCiclesGS2\Programació\TileMap\TileMap\TileMaps.h(44,75): warning C4244: 'argumento': conversión de 'T' a 'T'; posible pérdida de datos
          with
          [
              T=unsigned int
          ]
          and
          [
              T=float
          ]
D:\AluCiclesGS2\Programació\TileMap\TileMap\TileMaps.h(44,52): warning C4244: 'argumento': conversión de 'T' a 'T'; posible pérdida de datos
          with
          [
              T=unsigned int
          ]
          and
          [
              T=float
          ]
D:\AluCiclesGS2\Programació\TileMap\TileMap\TileMaps.h(47): warning C4715: 'TileMaps::load': no todas las rutas de acceso de control devuelven un valor
  TileMap.vcxproj -> D:\AluCiclesGS2\Programació\TileMap\Debug\TileMap.exe
